<?xml version="1.0" encoding="UTF-8"?>
<!-- Generated by org.testng.reporters.JUnitReportReporter -->
<testsuite skipped="0" hostname="DESKTOP-8TF8QGN" name="regressiontestscript.Flipkart_end_to_end" tests="1" failures="0" timestamp="04 Jan 2020 03:15:27 GMT" time="32.783" errors="0">
  <testcase name="validLoginlogout" time="32.783" classname="regressiontestscript.Flipkart_end_to_end"/>
</testsuite> <!-- regressiontestscript.Flipkart_end_to_end -->
